1546429885350	mozrunner::runner	INFO	Running command: "/Applications/Firefox.app/Contents/MacOS/firefox-bin" "-marionette" "-foreground" "-no-remote" "-profile" "/var/folders/3x/xtj176v54y3f3bcqgb1v2cwh0000gn/T/rust_mozprofile.gBb9hrDrN2Jc"
1546429886516	addons.webextension.screenshots@mozilla.org	WARN	Loading extension 'screenshots@mozilla.org': Reading manifest: Invalid host permission: resource://pdf.js/
1546429886516	addons.webextension.screenshots@mozilla.org	WARN	Loading extension 'screenshots@mozilla.org': Reading manifest: Invalid host permission: about:reader*
Can't find symbol 'GetGraphicsResetStatus'.
1546429889055	Marionette	INFO	Listening on port 63025
1546429889102	Marionette	WARN	TLS certificate errors will be ignored for this session
1546429890901	Marionette	INFO	Stopped listening on port 63025
1546429892739	mozrunner::runner	INFO	Running command: "/Applications/Firefox.app/Contents/MacOS/firefox-bin" "-marionette" "-foreground" "-no-remote" "-profile" "/var/folders/3x/xtj176v54y3f3bcqgb1v2cwh0000gn/T/rust_mozprofile.E50hPQgB6QvG"
1546429893484	addons.webextension.screenshots@mozilla.org	WARN	Loading extension 'screenshots@mozilla.org': Reading manifest: Invalid host permission: resource://pdf.js/
1546429893485	addons.webextension.screenshots@mozilla.org	WARN	Loading extension 'screenshots@mozilla.org': Reading manifest: Invalid host permission: about:reader*
Can't find symbol 'GetGraphicsResetStatus'.
1546429895116	Marionette	INFO	Listening on port 63089
1546429895200	Marionette	WARN	TLS certificate errors will be ignored for this session
1546429898128	Marionette	INFO	Stopped listening on port 63089
1546429899824	mozrunner::runner	INFO	Running command: "/Applications/Firefox.app/Contents/MacOS/firefox-bin" "-marionette" "-foreground" "-no-remote" "-profile" "/var/folders/3x/xtj176v54y3f3bcqgb1v2cwh0000gn/T/rust_mozprofile.ojn7Old6lKvh"
1546429900544	addons.webextension.screenshots@mozilla.org	WARN	Loading extension 'screenshots@mozilla.org': Reading manifest: Invalid host permission: resource://pdf.js/
1546429900544	addons.webextension.screenshots@mozilla.org	WARN	Loading extension 'screenshots@mozilla.org': Reading manifest: Invalid host permission: about:reader*
Can't find symbol 'GetGraphicsResetStatus'.
1546429902371	Marionette	INFO	Listening on port 63142
1546429902406	Marionette	WARN	TLS certificate errors will be ignored for this session
1546429904179	mozrunner::runner	INFO	Running command: "/Applications/Firefox.app/Contents/MacOS/firefox-bin" "-marionette" "-foreground" "-no-remote" "-profile" "/var/folders/3x/xtj176v54y3f3bcqgb1v2cwh0000gn/T/rust_mozprofile.vE4PNYC56Mui"
1546429904886	addons.webextension.screenshots@mozilla.org	WARN	Loading extension 'screenshots@mozilla.org': Reading manifest: Invalid host permission: resource://pdf.js/
1546429904886	addons.webextension.screenshots@mozilla.org	WARN	Loading extension 'screenshots@mozilla.org': Reading manifest: Invalid host permission: about:reader*
Can't find symbol 'GetGraphicsResetStatus'.
1546429906856	Marionette	INFO	Listening on port 63195
1546429906953	Marionette	WARN	TLS certificate errors will be ignored for this session
1546429908096	Marionette	INFO	Stopped listening on port 63195
console.error: BroadcastService: 
  receivedBroadcastMessage: handler for
  remote-settings/monitor_changes
  threw error:
  Message: Error: Polling for changes failed: NetworkError when attempting to fetch resource..
  Stack:
    remoteSettingsFunction/remoteSettings.pollChanges@resource://services-settings/remote-settings.js:750:13

1546430399183	mozrunner::runner	INFO	Running command: "/Applications/Firefox.app/Contents/MacOS/firefox-bin" "-marionette" "-foreground" "-no-remote" "-profile" "/var/folders/3x/xtj176v54y3f3bcqgb1v2cwh0000gn/T/rust_mozprofile.Z5e5x2bEjKBl"
1546430400177	addons.webextension.screenshots@mozilla.org	WARN	Loading extension 'screenshots@mozilla.org': Reading manifest: Invalid host permission: resource://pdf.js/
1546430400178	addons.webextension.screenshots@mozilla.org	WARN	Loading extension 'screenshots@mozilla.org': Reading manifest: Invalid host permission: about:reader*
Can't find symbol 'GetGraphicsResetStatus'.
1546430402071	Marionette	INFO	Listening on port 63259
1546430402161	Marionette	WARN	TLS certificate errors will be ignored for this session
1546430403595	Marionette	INFO	Stopped listening on port 63259
1546430405320	mozrunner::runner	INFO	Running command: "/Applications/Firefox.app/Contents/MacOS/firefox-bin" "-marionette" "-foreground" "-no-remote" "-profile" "/var/folders/3x/xtj176v54y3f3bcqgb1v2cwh0000gn/T/rust_mozprofile.bn9lgbNzZCvq"
1546430406068	addons.webextension.screenshots@mozilla.org	WARN	Loading extension 'screenshots@mozilla.org': Reading manifest: Invalid host permission: resource://pdf.js/
1546430406069	addons.webextension.screenshots@mozilla.org	WARN	Loading extension 'screenshots@mozilla.org': Reading manifest: Invalid host permission: about:reader*
Can't find symbol 'GetGraphicsResetStatus'.
1546430407949	Marionette	INFO	Listening on port 63317
1546430408020	Marionette	WARN	TLS certificate errors will be ignored for this session
1546430410812	Marionette	INFO	Stopped listening on port 63317
1546430412535	mozrunner::runner	INFO	Running command: "/Applications/Firefox.app/Contents/MacOS/firefox-bin" "-marionette" "-foreground" "-no-remote" "-profile" "/var/folders/3x/xtj176v54y3f3bcqgb1v2cwh0000gn/T/rust_mozprofile.dfkxqi7ILL3D"
1546430413430	addons.webextension.screenshots@mozilla.org	WARN	Loading extension 'screenshots@mozilla.org': Reading manifest: Invalid host permission: resource://pdf.js/
1546430413431	addons.webextension.screenshots@mozilla.org	WARN	Loading extension 'screenshots@mozilla.org': Reading manifest: Invalid host permission: about:reader*
Can't find symbol 'GetGraphicsResetStatus'.
1546430415331	Marionette	INFO	Listening on port 63372
1546430415517	Marionette	WARN	TLS certificate errors will be ignored for this session
1546430417267	mozrunner::runner	INFO	Running command: "/Applications/Firefox.app/Contents/MacOS/firefox-bin" "-marionette" "-foreground" "-no-remote" "-profile" "/var/folders/3x/xtj176v54y3f3bcqgb1v2cwh0000gn/T/rust_mozprofile.SqgtMHPu2d40"
1546430418136	addons.webextension.screenshots@mozilla.org	WARN	Loading extension 'screenshots@mozilla.org': Reading manifest: Invalid host permission: resource://pdf.js/
1546430418137	addons.webextension.screenshots@mozilla.org	WARN	Loading extension 'screenshots@mozilla.org': Reading manifest: Invalid host permission: about:reader*
Can't find symbol 'GetGraphicsResetStatus'.
1546430420585	Marionette	INFO	Listening on port 63429
1546430420660	Marionette	WARN	TLS certificate errors will be ignored for this session
1546430421783	Marionette	INFO	Stopped listening on port 63429
JavaScript error: resource://gre/modules/Sqlite.jsm, line 841: Error: Connection is not open.
console.error: BroadcastService: 
  receivedBroadcastMessage: handler for
  remote-settings/monitor_changes
  threw error:
  Message: Error: Polling for changes failed: NetworkError when attempting to fetch resource..
  Stack:
    remoteSettingsFunction/remoteSettings.pollChanges@resource://services-settings/remote-settings.js:750:13

1546430569664	mozrunner::runner	INFO	Running command: "/Applications/Firefox.app/Contents/MacOS/firefox-bin" "-marionette" "-foreground" "-no-remote" "-profile" "/var/folders/3x/xtj176v54y3f3bcqgb1v2cwh0000gn/T/rust_mozprofile.zWZ2X2R3iR7y"
1546430570490	addons.webextension.screenshots@mozilla.org	WARN	Loading extension 'screenshots@mozilla.org': Reading manifest: Invalid host permission: resource://pdf.js/
1546430570490	addons.webextension.screenshots@mozilla.org	WARN	Loading extension 'screenshots@mozilla.org': Reading manifest: Invalid host permission: about:reader*
Can't find symbol 'GetGraphicsResetStatus'.
1546430572332	Marionette	INFO	Listening on port 63501
1546430572433	Marionette	WARN	TLS certificate errors will be ignored for this session
1546430575330	Marionette	INFO	Stopped listening on port 63501
1546430598164	mozrunner::runner	INFO	Running command: "/Applications/Firefox.app/Contents/MacOS/firefox-bin" "-marionette" "-foreground" "-no-remote" "-profile" "/var/folders/3x/xtj176v54y3f3bcqgb1v2cwh0000gn/T/rust_mozprofile.swA9mB7Y4WaK"
1546430598944	addons.webextension.screenshots@mozilla.org	WARN	Loading extension 'screenshots@mozilla.org': Reading manifest: Invalid host permission: resource://pdf.js/
1546430598945	addons.webextension.screenshots@mozilla.org	WARN	Loading extension 'screenshots@mozilla.org': Reading manifest: Invalid host permission: about:reader*
Can't find symbol 'GetGraphicsResetStatus'.
1546430600582	Marionette	INFO	Listening on port 63560
1546430600648	Marionette	WARN	TLS certificate errors will be ignored for this session
1546430603417	Marionette	INFO	Stopped listening on port 63560
Can't find symbol 'GetGraphicsResetStatus'.
1546430620085	Marionette	INFO	Stopped listening on port 63142
Can't find symbol 'GetGraphicsResetStatus'.
