1547141804745	mozrunner::runner	INFO	Running command: "/Applications/Firefox.app/Contents/MacOS/firefox-bin" "-marionette" "-foreground" "-no-remote" "-profile" "/var/folders/3x/xtj176v54y3f3bcqgb1v2cwh0000gn/T/rust_mozprofile.z0rPys2cgsyw"
1547141806296	addons.webextension.screenshots@mozilla.org	WARN	Loading extension 'screenshots@mozilla.org': Reading manifest: Invalid host permission: resource://pdf.js/
1547141806296	addons.webextension.screenshots@mozilla.org	WARN	Loading extension 'screenshots@mozilla.org': Reading manifest: Invalid host permission: about:reader*
Can't find symbol 'GetGraphicsResetStatus'.
1547141809658	Marionette	INFO	Listening on port 65034
1547141809764	Marionette	WARN	TLS certificate errors will be ignored for this session
1547141809861	Marionette	INFO	Stopped listening on port 65034
JavaScript error: resource://gre/modules/Sqlite.jsm, line 841: Error: Connection is not open.
1547141811733	mozrunner::runner	INFO	Running command: "/Applications/Firefox.app/Contents/MacOS/firefox-bin" "-marionette" "-foreground" "-no-remote" "-profile" "/var/folders/3x/xtj176v54y3f3bcqgb1v2cwh0000gn/T/rust_mozprofile.LHNYrwsdBwaN"
1547141812468	addons.webextension.screenshots@mozilla.org	WARN	Loading extension 'screenshots@mozilla.org': Reading manifest: Invalid host permission: resource://pdf.js/
1547141812468	addons.webextension.screenshots@mozilla.org	WARN	Loading extension 'screenshots@mozilla.org': Reading manifest: Invalid host permission: about:reader*
Can't find symbol 'GetGraphicsResetStatus'.
1547141814349	Marionette	INFO	Listening on port 65107
1547141814397	Marionette	WARN	TLS certificate errors will be ignored for this session
1547141825060	Marionette	INFO	Stopped listening on port 65107
1547141826915	mozrunner::runner	INFO	Running command: "/Applications/Firefox.app/Contents/MacOS/firefox-bin" "-marionette" "-foreground" "-no-remote" "-profile" "/var/folders/3x/xtj176v54y3f3bcqgb1v2cwh0000gn/T/rust_mozprofile.l9fmoDfEFIZG"
1547141827712	addons.webextension.screenshots@mozilla.org	WARN	Loading extension 'screenshots@mozilla.org': Reading manifest: Invalid host permission: resource://pdf.js/
1547141827712	addons.webextension.screenshots@mozilla.org	WARN	Loading extension 'screenshots@mozilla.org': Reading manifest: Invalid host permission: about:reader*
Can't find symbol 'GetGraphicsResetStatus'.
1547141829493	Marionette	INFO	Listening on port 65167
1547141829592	Marionette	WARN	TLS certificate errors will be ignored for this session
1547141829665	Marionette	INFO	Stopped listening on port 65167
JavaScript error: resource://gre/modules/Sqlite.jsm, line 841: Error: Connection is not open.
1547141831363	mozrunner::runner	INFO	Running command: "/Applications/Firefox.app/Contents/MacOS/firefox-bin" "-marionette" "-foreground" "-no-remote" "-profile" "/var/folders/3x/xtj176v54y3f3bcqgb1v2cwh0000gn/T/rust_mozprofile.LSkwhSJSbxJi"
1547141831986	addons.webextension.screenshots@mozilla.org	WARN	Loading extension 'screenshots@mozilla.org': Reading manifest: Invalid host permission: resource://pdf.js/
1547141831986	addons.webextension.screenshots@mozilla.org	WARN	Loading extension 'screenshots@mozilla.org': Reading manifest: Invalid host permission: about:reader*
Can't find symbol 'GetGraphicsResetStatus'.
1547141833681	Marionette	INFO	Listening on port 65216
1547141833759	Marionette	WARN	TLS certificate errors will be ignored for this session
1547141835537	mozrunner::runner	INFO	Running command: "/Applications/Firefox.app/Contents/MacOS/firefox-bin" "-marionette" "-foreground" "-no-remote" "-profile" "/var/folders/3x/xtj176v54y3f3bcqgb1v2cwh0000gn/T/rust_mozprofile.3YbqgarL16jT"
1547141836329	addons.webextension.screenshots@mozilla.org	WARN	Loading extension 'screenshots@mozilla.org': Reading manifest: Invalid host permission: resource://pdf.js/
1547141836330	addons.webextension.screenshots@mozilla.org	WARN	Loading extension 'screenshots@mozilla.org': Reading manifest: Invalid host permission: about:reader*
Can't find symbol 'GetGraphicsResetStatus'.
1547141838273	Marionette	INFO	Listening on port 65268
1547141838320	Marionette	WARN	TLS certificate errors will be ignored for this session
1547141839537	Marionette	INFO	Stopped listening on port 65268
console.error: BroadcastService: 
  receivedBroadcastMessage: handler for
  remote-settings/monitor_changes
  threw error:
  Message: Error: Polling for changes failed: NetworkError when attempting to fetch resource..
  Stack:
    remoteSettingsFunction/remoteSettings.pollChanges@resource://services-settings/remote-settings.js:750:13

1547148807934	Marionette	INFO	Stopped listening on port 65216
